<?xml version="1.0" encoding="UTF-8"?>
<!-- Generated by org.testng.reporters.JUnitReportReporter -->
<testsuite hostname="HRISHIKESHSALU" failures="0" tests="1" name="com.obsqura.testscripts.Base" time="5.635" errors="0" timestamp="2023-04-03T10:27:48 IST" skipped="0">
  <testcase classname="com.obsqura.testscripts.Base" name="test" time="5.635"/>
  <system-out/>
</testsuite> <!-- com.obsqura.testscripts.Base -->
