<?xml version="1.0" encoding="UTF-8"?>
<!-- Generated by org.testng.reporters.JUnitReportReporter -->
<testsuite hostname="HRISHIKESHSALU" failures="0" tests="1" name="com.obsqura.testscripts.RadioButtonTest" time="6.436" errors="0" timestamp="2023-04-03T22:51:53 IST" skipped="0">
  <testcase classname="com.obsqura.testscripts.RadioButtonTest" name="femaleButton" time="6.436"/>
  <system-out/>
</testsuite> <!-- com.obsqura.testscripts.RadioButtonTest -->
