<?xml version="1.0" encoding="UTF-8"?>
<!-- Generated by org.testng.reporters.JUnitReportReporter -->
<testsuite hostname="HRISHIKESHSALU" failures="0" tests="1" name="com.obsqura.testscripts.SingleInputFieldPageFactoryTest" time="12.959" errors="0" timestamp="2023-04-03T22:45:09 IST" skipped="0">
  <testcase classname="com.obsqura.testscripts.SingleInputFieldPageFactoryTest" name="verifySingleInputField" time="12.959"/>
  <system-out/>
</testsuite> <!-- com.obsqura.testscripts.SingleInputFieldPageFactoryTest -->
