<?xml version="1.0" encoding="UTF-8"?>
<!-- Generated by org.testng.reporters.JUnitReportReporter -->
<testsuite hostname="HRISHIKESHSALU" failures="0" tests="1" name="com.obsqura.testscripts.RadioButtonsDemoTest" time="5.819" errors="0" timestamp="2023-04-03T22:58:13 IST" skipped="0">
  <testcase classname="com.obsqura.testscripts.RadioButtonsDemoTest" name="color" time="5.819"/>
  <system-out/>
</testsuite> <!-- com.obsqura.testscripts.RadioButtonsDemoTest -->
