<?xml version="1.0" encoding="UTF-8"?>
<!-- Generated by org.testng.reporters.JUnitReportReporter -->
<testsuite hostname="HRISHIKESHSALU" failures="0" tests="1" name="com.obsqura.testscripts.SimpleInputformDemoTest" time="9.744" errors="0" timestamp="2023-04-03T22:44:38 IST" skipped="0">
  <testcase classname="com.obsqura.testscripts.SimpleInputformDemoTest" name="verifySingleInputField" time="9.744"/>
  <system-out/>
</testsuite> <!-- com.obsqura.testscripts.SimpleInputformDemoTest -->
