<?xml version="1.0" encoding="UTF-8"?>
<!-- Generated by org.testng.reporters.JUnitReportReporter -->
<testsuite hostname="HRISHIKESHSALU" failures="0" tests="1" name="com.obsqura.testscripts.RadioButtonPageDemoFactoryTest" time="5.727" errors="0" timestamp="2023-04-03T23:09:43 IST" skipped="0">
  <testcase classname="com.obsqura.testscripts.RadioButtonPageDemoFactoryTest" name="verifyRadiobuttonDemo" time="5.727"/>
  <system-out/>
</testsuite> <!-- com.obsqura.testscripts.RadioButtonPageDemoFactoryTest -->
