<?xml version="1.0" encoding="UTF-8"?>
<!-- Generated by org.testng.reporters.JUnitReportReporter -->
<testsuite hostname="HRISHIKESHSALU" failures="0" tests="1" name="com.obsqura.testscripts.CheckboxDemoTest" time="7.104" errors="0" timestamp="2023-04-03T22:51:18 IST" skipped="0">
  <testcase classname="com.obsqura.testscripts.CheckboxDemoTest" name="verifycheckboxdemopage" time="7.104"/>
  <system-out/>
</testsuite> <!-- com.obsqura.testscripts.CheckboxDemoTest -->
